The system is: CYGWIN - 2.2.1(0.289/5/3) - x86_64
Compiling the C compiler identification source file "CMakeCCompilerId.c" succeeded.
Compiler: /usr/bin/cc 
Build flags: 
Id flags: 

The output was:
0


Compilation of the C compiler identification source "CMakeCCompilerId.c" produced "a.exe"

The C compiler identification is GNU, found in "/cygdrive/c/Users/ngaic2/CSCI-2961/CMake/Step4/Build/CMakeFiles/3.3.1/CompilerIdC/a.exe"

Compiling the CXX compiler identification source file "CMakeCXXCompilerId.cpp" succeeded.
Compiler: /usr/bin/c++.exe 
Build flags: 
Id flags: 

The output was:
0


Compilation of the CXX compiler identification source "CMakeCXXCompilerId.cpp" produced "a.exe"

The CXX compiler identification is GNU, found in "/cygdrive/c/Users/ngaic2/CSCI-2961/CMake/Step4/Build/CMakeFiles/3.3.1/CompilerIdCXX/a.exe"

Determining if the C compiler works passed with the following output:
Change Dir: /cygdrive/c/Users/ngaic2/CSCI-2961/CMake/Step4/Build/CMakeFiles/CMakeTmp

Run Build Command:"/usr/bin/make.exe" "cmTC_ee81d/fast"
/usr/bin/make -f CMakeFiles/cmTC_ee81d.dir/build.make CMakeFiles/cmTC_ee81d.dir/build
make[1]: Entering directory '/cygdrive/c/Users/ngaic2/CSCI-2961/CMake/Step4/Build/CMakeFiles/CMakeTmp'
Building C object CMakeFiles/cmTC_ee81d.dir/testCCompiler.c.o
/usr/bin/cc    -o CMakeFiles/cmTC_ee81d.dir/testCCompiler.c.o   -c /cygdrive/c/Users/ngaic2/CSCI-2961/CMake/Step4/Build/CMakeFiles/CMakeTmp/testCCompiler.c
Linking C executable cmTC_ee81d.exe
/usr/bin/cmake.exe -E cmake_link_script CMakeFiles/cmTC_ee81d.dir/link.txt --verbose=1
/usr/bin/cc     -Wl,--enable-auto-import  CMakeFiles/cmTC_ee81d.dir/testCCompiler.c.o  -o cmTC_ee81d.exe -Wl,--out-implib,libcmTC_ee81d.dll.a -Wl,--major-image-version,0,--minor-image-version,0  
make[1]: Leaving directory '/cygdrive/c/Users/ngaic2/CSCI-2961/CMake/Step4/Build/CMakeFiles/CMakeTmp'


Detecting C compiler ABI info compiled with the following output:
Change Dir: /cygdrive/c/Users/ngaic2/CSCI-2961/CMake/Step4/Build/CMakeFiles/CMakeTmp

Run Build Command:"/usr/bin/make.exe" "cmTC_ef9cd/fast"
/usr/bin/make -f CMakeFiles/cmTC_ef9cd.dir/build.make CMakeFiles/cmTC_ef9cd.dir/build
make[1]: Entering directory '/cygdrive/c/Users/ngaic2/CSCI-2961/CMake/Step4/Build/CMakeFiles/CMakeTmp'
Building C object CMakeFiles/cmTC_ef9cd.dir/CMakeCCompilerABI.c.o
/usr/bin/cc    -o CMakeFiles/cmTC_ef9cd.dir/CMakeCCompilerABI.c.o   -c /usr/share/cmake-3.3.1/Modules/CMakeCCompilerABI.c
Linking C executable cmTC_ef9cd.exe
/usr/bin/cmake.exe -E cmake_link_script CMakeFiles/cmTC_ef9cd.dir/link.txt --verbose=1
/usr/bin/cc     -Wl,--enable-auto-import -v CMakeFiles/cmTC_ef9cd.dir/CMakeCCompilerABI.c.o  -o cmTC_ef9cd.exe -Wl,--out-implib,libcmTC_ef9cd.dll.a -Wl,--major-image-version,0,--minor-image-version,0   
Using built-in specs.
COLLECT_GCC=/usr/bin/cc
COLLECT_LTO_WRAPPER=/usr/lib/gcc/x86_64-pc-cygwin/4.9.3/lto-wrapper.exe
Target: x86_64-pc-cygwin
Configured with: /cygdrive/i/szsz/tmpp/gcc/gcc-4.9.3-1.x86_64/src/gcc-4.9.3/configure --srcdir=/cygdrive/i/szsz/tmpp/gcc/gcc-4.9.3-1.x86_64/src/gcc-4.9.3 --prefix=/usr --exec-prefix=/usr --localstatedir=/var --sysconfdir=/etc --docdir=/usr/share/doc/gcc --htmldir=/usr/share/doc/gcc/html -C --build=x86_64-pc-cygwin --host=x86_64-pc-cygwin --target=x86_64-pc-cygwin --without-libiconv-prefix --without-libintl-prefix --libexecdir=/usr/lib --enable-shared --enable-shared-libgcc --enable-static --enable-version-specific-runtime-libs --enable-bootstrap --enable-__cxa_atexit --with-dwarf2 --with-tune=generic --enable-languages=ada,c,c++,fortran,lto,objc,obj-c++ --enable-graphite --enable-threads=posix --enable-libatomic --enable-libgomp --disable-libitm --enable-libquadmath --enable-libquadmath-support --enable-libssp --enable-libada --enable-libgcj-sublibs --disable-java-awt --disable-symvers --with-ecj-jar=/usr/share/java/ecj.jar --with-gnu-ld --with-gnu-as --with-cloog-include=/usr/include/cloog-isl --without-libiconv-prefix --without-libintl-prefix --with-system-zlib --enable-linker-build-id
Thread model: posix
gcc version 4.9.3 (GCC) 
COMPILER_PATH=/usr/lib/gcc/x86_64-pc-cygwin/4.9.3/:/usr/lib/gcc/x86_64-pc-cygwin/4.9.3/:/usr/lib/gcc/x86_64-pc-cygwin/:/usr/lib/gcc/x86_64-pc-cygwin/4.9.3/:/usr/lib/gcc/x86_64-pc-cygwin/:/usr/lib/gcc/x86_64-pc-cygwin/4.9.3/../../../../x86_64-pc-cygwin/bin/
LIBRARY_PATH=/usr/lib/gcc/x86_64-pc-cygwin/4.9.3/:/usr/lib/gcc/x86_64-pc-cygwin/4.9.3/../../../../x86_64-pc-cygwin/lib/../lib/:/usr/lib/gcc/x86_64-pc-cygwin/4.9.3/../../../../lib/:/lib/../lib/:/usr/lib/../lib/:/usr/lib/gcc/x86_64-pc-cygwin/4.9.3/../../../../x86_64-pc-cygwin/lib/:/usr/lib/gcc/x86_64-pc-cygwin/4.9.3/../../../:/lib/:/usr/lib/
COLLECT_GCC_OPTIONS='-v' '-o' 'cmTC_ef9cd.exe' '-mtune=generic' '-march=x86-64'
 /usr/lib/gcc/x86_64-pc-cygwin/4.9.3/collect2.exe -plugin /usr/lib/gcc/x86_64-pc-cygwin/4.9.3/cyglto_plugin.dll -plugin-opt=/usr/lib/gcc/x86_64-pc-cygwin/4.9.3/lto-wrapper.exe -plugin-opt=-fresolution=/tmp/cc0o2PMW.res -plugin-opt=-pass-through=-lgcc_s -plugin-opt=-pass-through=-lgcc -plugin-opt=-pass-through=-lcygwin -plugin-opt=-pass-through=-ladvapi32 -plugin-opt=-pass-through=-lshell32 -plugin-opt=-pass-through=-luser32 -plugin-opt=-pass-through=-lkernel32 -plugin-opt=-pass-through=-lgcc_s -plugin-opt=-pass-through=-lgcc --build-id -m i386pep --wrap _Znwm --wrap _Znam --wrap _ZdlPv --wrap _ZdaPv --wrap _ZnwmRKSt9nothrow_t --wrap _ZnamRKSt9nothrow_t --wrap _ZdlPvRKSt9nothrow_t --wrap _ZdaPvRKSt9nothrow_t -Bdynamic --dll-search-prefix=cyg -tsaware -o cmTC_ef9cd.exe /usr/lib/gcc/x86_64-pc-cygwin/4.9.3/../../../../lib/crt0.o /usr/lib/gcc/x86_64-pc-cygwin/4.9.3/crtbegin.o -L/usr/lib/gcc/x86_64-pc-cygwin/4.9.3 -L/usr/lib/gcc/x86_64-pc-cygwin/4.9.3/../../../../x86_64-pc-cygwin/lib/../lib -L/usr/lib/gcc/x86_64-pc-cygwin/4.9.3/../../../../lib -L/lib/../lib -L/usr/lib/../lib -L/usr/lib/gcc/x86_64-pc-cygwin/4.9.3/../../../../x86_64-pc-cygwin/lib -L/usr/lib/gcc/x86_64-pc-cygwin/4.9.3/../../.. --enable-auto-import CMakeFiles/cmTC_ef9cd.dir/CMakeCCompilerABI.c.o --out-implib libcmTC_ef9cd.dll.a --major-image-version 0 --minor-image-version 0 -lgcc_s -lgcc -lcygwin -ladvapi32 -lshell32 -luser32 -lkernel32 -lgcc_s -lgcc /usr/lib/gcc/x86_64-pc-cygwin/4.9.3/../../../../lib/default-manifest.o /usr/lib/gcc/x86_64-pc-cygwin/4.9.3/crtend.o
make[1]: Leaving directory '/cygdrive/c/Users/ngaic2/CSCI-2961/CMake/Step4/Build/CMakeFiles/CMakeTmp'


Parsed C implicit link information from above output:
  link line regex: [^( *|.*[/\])(ld\.exe|([^/\]+-)?ld|collect2)[^/\]*( |$)]
  ignore line: [Change Dir: /cygdrive/c/Users/ngaic2/CSCI-2961/CMake/Step4/Build/CMakeFiles/CMakeTmp]
  ignore line: []
  ignore line: [Run Build Command:"/usr/bin/make.exe" "cmTC_ef9cd/fast"]
  ignore line: [/usr/bin/make -f CMakeFiles/cmTC_ef9cd.dir/build.make CMakeFiles/cmTC_ef9cd.dir/build]
  ignore line: [make[1]: Entering directory '/cygdrive/c/Users/ngaic2/CSCI-2961/CMake/Step4/Build/CMakeFiles/CMakeTmp']
  ignore line: [Building C object CMakeFiles/cmTC_ef9cd.dir/CMakeCCompilerABI.c.o]
  ignore line: [/usr/bin/cc    -o CMakeFiles/cmTC_ef9cd.dir/CMakeCCompilerABI.c.o   -c /usr/share/cmake-3.3.1/Modules/CMakeCCompilerABI.c]
  ignore line: [Linking C executable cmTC_ef9cd.exe]
  ignore line: [/usr/bin/cmake.exe -E cmake_link_script CMakeFiles/cmTC_ef9cd.dir/link.txt --verbose=1]
  ignore line: [/usr/bin/cc     -Wl,--enable-auto-import -v CMakeFiles/cmTC_ef9cd.dir/CMakeCCompilerABI.c.o  -o cmTC_ef9cd.exe -Wl,--out-implib,libcmTC_ef9cd.dll.a -Wl,--major-image-version,0,--minor-image-version,0   ]
  ignore line: [Using built-in specs.]
  ignore line: [COLLECT_GCC=/usr/bin/cc]
  ignore line: [COLLECT_LTO_WRAPPER=/usr/lib/gcc/x86_64-pc-cygwin/4.9.3/lto-wrapper.exe]
  ignore line: [Target: x86_64-pc-cygwin]
  ignore line: [Configured with: /cygdrive/i/szsz/tmpp/gcc/gcc-4.9.3-1.x86_64/src/gcc-4.9.3/configure --srcdir=/cygdrive/i/szsz/tmpp/gcc/gcc-4.9.3-1.x86_64/src/gcc-4.9.3 --prefix=/usr --exec-prefix=/usr --localstatedir=/var --sysconfdir=/etc --docdir=/usr/share/doc/gcc --htmldir=/usr/share/doc/gcc/html -C --build=x86_64-pc-cygwin --host=x86_64-pc-cygwin --target=x86_64-pc-cygwin --without-libiconv-prefix --without-libintl-prefix --libexecdir=/usr/lib --enable-shared --enable-shared-libgcc --enable-static --enable-version-specific-runtime-libs --enable-bootstrap --enable-__cxa_atexit --with-dwarf2 --with-tune=generic --enable-languages=ada,c,c++,fortran,lto,objc,obj-c++ --enable-graphite --enable-threads=posix --enable-libatomic --enable-libgomp --disable-libitm --enable-libquadmath --enable-libquadmath-support --enable-libssp --enable-libada --enable-libgcj-sublibs --disable-java-awt --disable-symvers --with-ecj-jar=/usr/share/java/ecj.jar --with-gnu-ld --with-gnu-as --with-cloog-include=/usr/include/cloog-isl --without-libiconv-prefix --without-libintl-prefix --with-system-zlib --enable-linker-build-id]
  ignore line: [Thread model: posix]
  ignore line: [gcc version 4.9.3 (GCC) ]
  ignore line: [COMPILER_PATH=/usr/lib/gcc/x86_64-pc-cygwin/4.9.3/:/usr/lib/gcc/x86_64-pc-cygwin/4.9.3/:/usr/lib/gcc/x86_64-pc-cygwin/:/usr/lib/gcc/x86_64-pc-cygwin/4.9.3/:/usr/lib/gcc/x86_64-pc-cygwin/:/usr/lib/gcc/x86_64-pc-cygwin/4.9.3/../../../../x86_64-pc-cygwin/bin/]
  ignore line: [LIBRARY_PATH=/usr/lib/gcc/x86_64-pc-cygwin/4.9.3/:/usr/lib/gcc/x86_64-pc-cygwin/4.9.3/../../../../x86_64-pc-cygwin/lib/../lib/:/usr/lib/gcc/x86_64-pc-cygwin/4.9.3/../../../../lib/:/lib/../lib/:/usr/lib/../lib/:/usr/lib/gcc/x86_64-pc-cygwin/4.9.3/../../../../x86_64-pc-cygwin/lib/:/usr/lib/gcc/x86_64-pc-cygwin/4.9.3/../../../:/lib/:/usr/lib/]
  ignore line: [COLLECT_GCC_OPTIONS='-v' '-o' 'cmTC_ef9cd.exe' '-mtune=generic' '-march=x86-64']
  link line: [ /usr/lib/gcc/x86_64-pc-cygwin/4.9.3/collect2.exe -plugin /usr/lib/gcc/x86_64-pc-cygwin/4.9.3/cyglto_plugin.dll -plugin-opt=/usr/lib/gcc/x86_64-pc-cygwin/4.9.3/lto-wrapper.exe -plugin-opt=-fresolution=/tmp/cc0o2PMW.res -plugin-opt=-pass-through=-lgcc_s -plugin-opt=-pass-through=-lgcc -plugin-opt=-pass-through=-lcygwin -plugin-opt=-pass-through=-ladvapi32 -plugin-opt=-pass-through=-lshell32 -plugin-opt=-pass-through=-luser32 -plugin-opt=-pass-through=-lkernel32 -plugin-opt=-pass-through=-lgcc_s -plugin-opt=-pass-through=-lgcc --build-id -m i386pep --wrap _Znwm --wrap _Znam --wrap _ZdlPv --wrap _ZdaPv --wrap _ZnwmRKSt9nothrow_t --wrap _ZnamRKSt9nothrow_t --wrap _ZdlPvRKSt9nothrow_t --wrap _ZdaPvRKSt9nothrow_t -Bdynamic --dll-search-prefix=cyg -tsaware -o cmTC_ef9cd.exe /usr/lib/gcc/x86_64-pc-cygwin/4.9.3/../../../../lib/crt0.o /usr/lib/gcc/x86_64-pc-cygwin/4.9.3/crtbegin.o -L/usr/lib/gcc/x86_64-pc-cygwin/4.9.3 -L/usr/lib/gcc/x86_64-pc-cygwin/4.9.3/../../../../x86_64-pc-cygwin/lib/../lib -L/usr/lib/gcc/x86_64-pc-cygwin/4.9.3/../../../../lib -L/lib/../lib -L/usr/lib/../lib -L/usr/lib/gcc/x86_64-pc-cygwin/4.9.3/../../../../x86_64-pc-cygwin/lib -L/usr/lib/gcc/x86_64-pc-cygwin/4.9.3/../../.. --enable-auto-import CMakeFiles/cmTC_ef9cd.dir/CMakeCCompilerABI.c.o --out-implib libcmTC_ef9cd.dll.a --major-image-version 0 --minor-image-version 0 -lgcc_s -lgcc -lcygwin -ladvapi32 -lshell32 -luser32 -lkernel32 -lgcc_s -lgcc /usr/lib/gcc/x86_64-pc-cygwin/4.9.3/../../../../lib/default-manifest.o /usr/lib/gcc/x86_64-pc-cygwin/4.9.3/crtend.o]
    arg [/usr/lib/gcc/x86_64-pc-cygwin/4.9.3/collect2.exe] ==> ignore
    arg [-plugin] ==> ignore
    arg [/usr/lib/gcc/x86_64-pc-cygwin/4.9.3/cyglto_plugin.dll] ==> ignore
    arg [-plugin-opt=/usr/lib/gcc/x86_64-pc-cygwin/4.9.3/lto-wrapper.exe] ==> ignore
    arg [-plugin-opt=-fresolution=/tmp/cc0o2PMW.res] ==> ignore
    arg [-plugin-opt=-pass-through=-lgcc_s] ==> ignore
    arg [-plugin-opt=-pass-through=-lgcc] ==> ignore
    arg [-plugin-opt=-pass-through=-lcygwin] ==> ignore
    arg [-plugin-opt=-pass-through=-ladvapi32] ==> ignore
    arg [-plugin-opt=-pass-through=-lshell32] ==> ignore
    arg [-plugin-opt=-pass-through=-luser32] ==> ignore
    arg [-plugin-opt=-pass-through=-lkernel32] ==> ignore
    arg [-plugin-opt=-pass-through=-lgcc_s] ==> ignore
    arg [-plugin-opt=-pass-through=-lgcc] ==> ignore
    arg [--build-id] ==> ignore
    arg [-m] ==> ignore
    arg [i386pep] ==> ignore
    arg [--wrap] ==> ignore
    arg [_Znwm] ==> ignore
    arg [--wrap] ==> ignore
    arg [_Znam] ==> ignore
    arg [--wrap] ==> ignore
    arg [_ZdlPv] ==> ignore
    arg [--wrap] ==> ignore
    arg [_ZdaPv] ==> ignore
    arg [--wrap] ==> ignore
    arg [_ZnwmRKSt9nothrow_t] ==> ignore
    arg [--wrap] ==> ignore
    arg [_ZnamRKSt9nothrow_t] ==> ignore
    arg [--wrap] ==> ignore
    arg [_ZdlPvRKSt9nothrow_t] ==> ignore
    arg [--wrap] ==> ignore
    arg [_ZdaPvRKSt9nothrow_t] ==> ignore
    arg [-Bdynamic] ==> ignore
    arg [--dll-search-prefix=cyg] ==> ignore
    arg [-tsaware] ==> ignore
    arg [-o] ==> ignore
    arg [cmTC_ef9cd.exe] ==> ignore
    arg [/usr/lib/gcc/x86_64-pc-cygwin/4.9.3/../../../../lib/crt0.o] ==> ignore
    arg [/usr/lib/gcc/x86_64-pc-cygwin/4.9.3/crtbegin.o] ==> ignore
    arg [-L/usr/lib/gcc/x86_64-pc-cygwin/4.9.3] ==> dir [/usr/lib/gcc/x86_64-pc-cygwin/4.9.3]
    arg [-L/usr/lib/gcc/x86_64-pc-cygwin/4.9.3/../../../../x86_64-pc-cygwin/lib/../lib] ==> dir [/usr/lib/gcc/x86_64-pc-cygwin/4.9.3/../../../../x86_64-pc-cygwin/lib/../lib]
    arg [-L/usr/lib/gcc/x86_64-pc-cygwin/4.9.3/../../../../lib] ==> dir [/usr/lib/gcc/x86_64-pc-cygwin/4.9.3/../../../../lib]
    arg [-L/lib/../lib] ==> dir [/lib/../lib]
    arg [-L/usr/lib/../lib] ==> dir [/usr/lib/../lib]
    arg [-L/usr/lib/gcc/x86_64-pc-cygwin/4.9.3/../../../../x86_64-pc-cygwin/lib] ==> dir [/usr/lib/gcc/x86_64-pc-cygwin/4.9.3/../../../../x86_64-pc-cygwin/lib]
    arg [-L/usr/lib/gcc/x86_64-pc-cygwin/4.9.3/../../..] ==> dir [/usr/lib/gcc/x86_64-pc-cygwin/4.9.3/../../..]
    arg [--enable-auto-import] ==> ignore
    arg [CMakeFiles/cmTC_ef9cd.dir/CMakeCCompilerABI.c.o] ==> ignore
    arg [--out-implib] ==> ignore
    arg [libcmTC_ef9cd.dll.a] ==> ignore
    arg [--major-image-version] ==> ignore
    arg [0] ==> ignore
    arg [--minor-image-version] ==> ignore
    arg [0] ==> ignore
    arg [-lgcc_s] ==> lib [gcc_s]
    arg [-lgcc] ==> lib [gcc]
    arg [-lcygwin] ==> lib [cygwin]
    arg [-ladvapi32] ==> lib [advapi32]
    arg [-lshell32] ==> lib [shell32]
    arg [-luser32] ==> lib [user32]
    arg [-lkernel32] ==> lib [kernel32]
    arg [-lgcc_s] ==> lib [gcc_s]
    arg [-lgcc] ==> lib [gcc]
    arg [/usr/lib/gcc/x86_64-pc-cygwin/4.9.3/../../../../lib/default-manifest.o] ==> ignore
    arg [/usr/lib/gcc/x86_64-pc-cygwin/4.9.3/crtend.o] ==> ignore
  remove lib [gcc_s]
  remove lib [gcc]
  remove lib [gcc_s]
  remove lib [gcc]
  collapse library dir [/usr/lib/gcc/x86_64-pc-cygwin/4.9.3] ==> [/usr/lib/gcc/x86_64-pc-cygwin/4.9.3]
  collapse library dir [/usr/lib/gcc/x86_64-pc-cygwin/4.9.3/../../../../x86_64-pc-cygwin/lib/../lib] ==> [/usr/x86_64-pc-cygwin/lib]
  collapse library dir [/usr/lib/gcc/x86_64-pc-cygwin/4.9.3/../../../../lib] ==> [/usr/lib]
  collapse library dir [/lib/../lib] ==> [/lib]
  collapse library dir [/usr/lib/../lib] ==> [/usr/lib]
  collapse library dir [/usr/lib/gcc/x86_64-pc-cygwin/4.9.3/../../../../x86_64-pc-cygwin/lib] ==> [/usr/x86_64-pc-cygwin/lib]
  collapse library dir [/usr/lib/gcc/x86_64-pc-cygwin/4.9.3/../../..] ==> [/usr/lib]
  implicit libs: [cygwin;advapi32;shell32;user32;kernel32]
  implicit dirs: [/usr/lib/gcc/x86_64-pc-cygwin/4.9.3;/usr/x86_64-pc-cygwin/lib;/usr/lib;/lib]
  implicit fwks: []




Detecting C [-std=c11] compiler features compiled with the following output:
Change Dir: /cygdrive/c/Users/ngaic2/CSCI-2961/CMake/Step4/Build/CMakeFiles/CMakeTmp

Run Build Command:"/usr/bin/make.exe" "cmTC_1934c/fast"
/usr/bin/make -f CMakeFiles/cmTC_1934c.dir/build.make CMakeFiles/cmTC_1934c.dir/build
make[1]: Entering directory '/cygdrive/c/Users/ngaic2/CSCI-2961/CMake/Step4/Build/CMakeFiles/CMakeTmp'
Building C object CMakeFiles/cmTC_1934c.dir/feature_tests.c.o
/usr/bin/cc   -std=c11 -o CMakeFiles/cmTC_1934c.dir/feature_tests.c.o   -c /cygdrive/c/Users/ngaic2/CSCI-2961/CMake/Step4/Build/CMakeFiles/feature_tests.c
Linking C executable cmTC_1934c.exe
/usr/bin/cmake.exe -E cmake_link_script CMakeFiles/cmTC_1934c.dir/link.txt --verbose=1
/usr/bin/cc     -Wl,--enable-auto-import  CMakeFiles/cmTC_1934c.dir/feature_tests.c.o  -o cmTC_1934c.exe -Wl,--out-implib,libcmTC_1934c.dll.a -Wl,--major-image-version,0,--minor-image-version,0  
make[1]: Leaving directory '/cygdrive/c/Users/ngaic2/CSCI-2961/CMake/Step4/Build/CMakeFiles/CMakeTmp'


    Feature record: C_FEATURE:1c_function_prototypes
    Feature record: C_FEATURE:1c_restrict
    Feature record: C_FEATURE:1c_static_assert
    Feature record: C_FEATURE:1c_variadic_macros


Detecting C [-std=c99] compiler features compiled with the following output:
Change Dir: /cygdrive/c/Users/ngaic2/CSCI-2961/CMake/Step4/Build/CMakeFiles/CMakeTmp

Run Build Command:"/usr/bin/make.exe" "cmTC_11e72/fast"
/usr/bin/make -f CMakeFiles/cmTC_11e72.dir/build.make CMakeFiles/cmTC_11e72.dir/build
make[1]: Entering directory '/cygdrive/c/Users/ngaic2/CSCI-2961/CMake/Step4/Build/CMakeFiles/CMakeTmp'
Building C object CMakeFiles/cmTC_11e72.dir/feature_tests.c.o
/usr/bin/cc   -std=c99 -o CMakeFiles/cmTC_11e72.dir/feature_tests.c.o   -c /cygdrive/c/Users/ngaic2/CSCI-2961/CMake/Step4/Build/CMakeFiles/feature_tests.c
Linking C executable cmTC_11e72.exe
/usr/bin/cmake.exe -E cmake_link_script CMakeFiles/cmTC_11e72.dir/link.txt --verbose=1
/usr/bin/cc     -Wl,--enable-auto-import  CMakeFiles/cmTC_11e72.dir/feature_tests.c.o  -o cmTC_11e72.exe -Wl,--out-implib,libcmTC_11e72.dll.a -Wl,--major-image-version,0,--minor-image-version,0  
make[1]: Leaving directory '/cygdrive/c/Users/ngaic2/CSCI-2961/CMake/Step4/Build/CMakeFiles/CMakeTmp'


    Feature record: C_FEATURE:1c_function_prototypes
    Feature record: C_FEATURE:1c_restrict
    Feature record: C_FEATURE:0c_static_assert
    Feature record: C_FEATURE:1c_variadic_macros


Detecting C [-std=c90] compiler features compiled with the following output:
Change Dir: /cygdrive/c/Users/ngaic2/CSCI-2961/CMake/Step4/Build/CMakeFiles/CMakeTmp

Run Build Command:"/usr/bin/make.exe" "cmTC_96eff/fast"
/usr/bin/make -f CMakeFiles/cmTC_96eff.dir/build.make CMakeFiles/cmTC_96eff.dir/build
make[1]: Entering directory '/cygdrive/c/Users/ngaic2/CSCI-2961/CMake/Step4/Build/CMakeFiles/CMakeTmp'
Building C object CMakeFiles/cmTC_96eff.dir/feature_tests.c.o
/usr/bin/cc   -std=c90 -o CMakeFiles/cmTC_96eff.dir/feature_tests.c.o   -c /cygdrive/c/Users/ngaic2/CSCI-2961/CMake/Step4/Build/CMakeFiles/feature_tests.c
Linking C executable cmTC_96eff.exe
/usr/bin/cmake.exe -E cmake_link_script CMakeFiles/cmTC_96eff.dir/link.txt --verbose=1
/usr/bin/cc     -Wl,--enable-auto-import  CMakeFiles/cmTC_96eff.dir/feature_tests.c.o  -o cmTC_96eff.exe -Wl,--out-implib,libcmTC_96eff.dll.a -Wl,--major-image-version,0,--minor-image-version,0  
make[1]: Leaving directory '/cygdrive/c/Users/ngaic2/CSCI-2961/CMake/Step4/Build/CMakeFiles/CMakeTmp'


    Feature record: C_FEATURE:1c_function_prototypes
    Feature record: C_FEATURE:0c_restrict
    Feature record: C_FEATURE:0c_static_assert
    Feature record: C_FEATURE:0c_variadic_macros
Determining if the CXX compiler works passed with the following output:
Change Dir: /cygdrive/c/Users/ngaic2/CSCI-2961/CMake/Step4/Build/CMakeFiles/CMakeTmp

Run Build Command:"/usr/bin/make.exe" "cmTC_54e77/fast"
/usr/bin/make -f CMakeFiles/cmTC_54e77.dir/build.make CMakeFiles/cmTC_54e77.dir/build
make[1]: Entering directory '/cygdrive/c/Users/ngaic2/CSCI-2961/CMake/Step4/Build/CMakeFiles/CMakeTmp'
Building CXX object CMakeFiles/cmTC_54e77.dir/testCXXCompiler.cxx.o
/usr/bin/c++.exe     -o CMakeFiles/cmTC_54e77.dir/testCXXCompiler.cxx.o -c /cygdrive/c/Users/ngaic2/CSCI-2961/CMake/Step4/Build/CMakeFiles/CMakeTmp/testCXXCompiler.cxx
Linking CXX executable cmTC_54e77.exe
/usr/bin/cmake.exe -E cmake_link_script CMakeFiles/cmTC_54e77.dir/link.txt --verbose=1
/usr/bin/c++.exe     -Wl,--enable-auto-import  CMakeFiles/cmTC_54e77.dir/testCXXCompiler.cxx.o  -o cmTC_54e77.exe -Wl,--out-implib,libcmTC_54e77.dll.a -Wl,--major-image-version,0,--minor-image-version,0  
make[1]: Leaving directory '/cygdrive/c/Users/ngaic2/CSCI-2961/CMake/Step4/Build/CMakeFiles/CMakeTmp'


Detecting CXX compiler ABI info compiled with the following output:
Change Dir: /cygdrive/c/Users/ngaic2/CSCI-2961/CMake/Step4/Build/CMakeFiles/CMakeTmp

Run Build Command:"/usr/bin/make.exe" "cmTC_680e2/fast"
/usr/bin/make -f CMakeFiles/cmTC_680e2.dir/build.make CMakeFiles/cmTC_680e2.dir/build
make[1]: Entering directory '/cygdrive/c/Users/ngaic2/CSCI-2961/CMake/Step4/Build/CMakeFiles/CMakeTmp'
Building CXX object CMakeFiles/cmTC_680e2.dir/CMakeCXXCompilerABI.cpp.o
/usr/bin/c++.exe     -o CMakeFiles/cmTC_680e2.dir/CMakeCXXCompilerABI.cpp.o -c /usr/share/cmake-3.3.1/Modules/CMakeCXXCompilerABI.cpp
Linking CXX executable cmTC_680e2.exe
/usr/bin/cmake.exe -E cmake_link_script CMakeFiles/cmTC_680e2.dir/link.txt --verbose=1
/usr/bin/c++.exe     -Wl,--enable-auto-import -v CMakeFiles/cmTC_680e2.dir/CMakeCXXCompilerABI.cpp.o  -o cmTC_680e2.exe -Wl,--out-implib,libcmTC_680e2.dll.a -Wl,--major-image-version,0,--minor-image-version,0   
Using built-in specs.
COLLECT_GCC=/usr/bin/c++
COLLECT_LTO_WRAPPER=/usr/lib/gcc/x86_64-pc-cygwin/4.9.3/lto-wrapper.exe
Target: x86_64-pc-cygwin
Configured with: /cygdrive/i/szsz/tmpp/gcc/gcc-4.9.3-1.x86_64/src/gcc-4.9.3/configure --srcdir=/cygdrive/i/szsz/tmpp/gcc/gcc-4.9.3-1.x86_64/src/gcc-4.9.3 --prefix=/usr --exec-prefix=/usr --localstatedir=/var --sysconfdir=/etc --docdir=/usr/share/doc/gcc --htmldir=/usr/share/doc/gcc/html -C --build=x86_64-pc-cygwin --host=x86_64-pc-cygwin --target=x86_64-pc-cygwin --without-libiconv-prefix --without-libintl-prefix --libexecdir=/usr/lib --enable-shared --enable-shared-libgcc --enable-static --enable-version-specific-runtime-libs --enable-bootstrap --enable-__cxa_atexit --with-dwarf2 --with-tune=generic --enable-languages=ada,c,c++,fortran,lto,objc,obj-c++ --enable-graphite --enable-threads=posix --enable-libatomic --enable-libgomp --disable-libitm --enable-libquadmath --enable-libquadmath-support --enable-libssp --enable-libada --enable-libgcj-sublibs --disable-java-awt --disable-symvers --with-ecj-jar=/usr/share/java/ecj.jar --with-gnu-ld --with-gnu-as --with-cloog-include=/usr/include/cloog-isl --without-libiconv-prefix --without-libintl-prefix --with-system-zlib --enable-linker-build-id
Thread model: posix
gcc version 4.9.3 (GCC) 
COMPILER_PATH=/usr/lib/gcc/x86_64-pc-cygwin/4.9.3/:/usr/lib/gcc/x86_64-pc-cygwin/4.9.3/:/usr/lib/gcc/x86_64-pc-cygwin/:/usr/lib/gcc/x86_64-pc-cygwin/4.9.3/:/usr/lib/gcc/x86_64-pc-cygwin/:/usr/lib/gcc/x86_64-pc-cygwin/4.9.3/../../../../x86_64-pc-cygwin/bin/
LIBRARY_PATH=/usr/lib/gcc/x86_64-pc-cygwin/4.9.3/:/usr/lib/gcc/x86_64-pc-cygwin/4.9.3/../../../../x86_64-pc-cygwin/lib/../lib/:/usr/lib/gcc/x86_64-pc-cygwin/4.9.3/../../../../lib/:/lib/../lib/:/usr/lib/../lib/:/usr/lib/gcc/x86_64-pc-cygwin/4.9.3/../../../../x86_64-pc-cygwin/lib/:/usr/lib/gcc/x86_64-pc-cygwin/4.9.3/../../../:/lib/:/usr/lib/
COLLECT_GCC_OPTIONS='-v' '-o' 'cmTC_680e2.exe' '-shared-libgcc' '-mtune=generic' '-march=x86-64'
 /usr/lib/gcc/x86_64-pc-cygwin/4.9.3/collect2.exe -plugin /usr/lib/gcc/x86_64-pc-cygwin/4.9.3/cyglto_plugin.dll -plugin-opt=/usr/lib/gcc/x86_64-pc-cygwin/4.9.3/lto-wrapper.exe -plugin-opt=-fresolution=/tmp/cctS1VBO.res -plugin-opt=-pass-through=-lgcc_s -plugin-opt=-pass-through=-lgcc -plugin-opt=-pass-through=-lcygwin -plugin-opt=-pass-through=-ladvapi32 -plugin-opt=-pass-through=-lshell32 -plugin-opt=-pass-through=-luser32 -plugin-opt=-pass-through=-lkernel32 -plugin-opt=-pass-through=-lgcc_s -plugin-opt=-pass-through=-lgcc --build-id -m i386pep --wrap _Znwm --wrap _Znam --wrap _ZdlPv --wrap _ZdaPv --wrap _ZnwmRKSt9nothrow_t --wrap _ZnamRKSt9nothrow_t --wrap _ZdlPvRKSt9nothrow_t --wrap _ZdaPvRKSt9nothrow_t -Bdynamic --dll-search-prefix=cyg -tsaware -o cmTC_680e2.exe /usr/lib/gcc/x86_64-pc-cygwin/4.9.3/../../../../lib/crt0.o /usr/lib/gcc/x86_64-pc-cygwin/4.9.3/crtbegin.o -L/usr/lib/gcc/x86_64-pc-cygwin/4.9.3 -L/usr/lib/gcc/x86_64-pc-cygwin/4.9.3/../../../../x86_64-pc-cygwin/lib/../lib -L/usr/lib/gcc/x86_64-pc-cygwin/4.9.3/../../../../lib -L/lib/../lib -L/usr/lib/../lib -L/usr/lib/gcc/x86_64-pc-cygwin/4.9.3/../../../../x86_64-pc-cygwin/lib -L/usr/lib/gcc/x86_64-pc-cygwin/4.9.3/../../.. --enable-auto-import CMakeFiles/cmTC_680e2.dir/CMakeCXXCompilerABI.cpp.o --out-implib libcmTC_680e2.dll.a --major-image-version 0 --minor-image-version 0 -lstdc++ -lgcc_s -lgcc -lcygwin -ladvapi32 -lshell32 -luser32 -lkernel32 -lgcc_s -lgcc /usr/lib/gcc/x86_64-pc-cygwin/4.9.3/../../../../lib/default-manifest.o /usr/lib/gcc/x86_64-pc-cygwin/4.9.3/crtend.o
make[1]: Leaving directory '/cygdrive/c/Users/ngaic2/CSCI-2961/CMake/Step4/Build/CMakeFiles/CMakeTmp'


Parsed CXX implicit link information from above output:
  link line regex: [^( *|.*[/\])(ld\.exe|([^/\]+-)?ld|collect2)[^/\]*( |$)]
  ignore line: [Change Dir: /cygdrive/c/Users/ngaic2/CSCI-2961/CMake/Step4/Build/CMakeFiles/CMakeTmp]
  ignore line: []
  ignore line: [Run Build Command:"/usr/bin/make.exe" "cmTC_680e2/fast"]
  ignore line: [/usr/bin/make -f CMakeFiles/cmTC_680e2.dir/build.make CMakeFiles/cmTC_680e2.dir/build]
  ignore line: [make[1]: Entering directory '/cygdrive/c/Users/ngaic2/CSCI-2961/CMake/Step4/Build/CMakeFiles/CMakeTmp']
  ignore line: [Building CXX object CMakeFiles/cmTC_680e2.dir/CMakeCXXCompilerABI.cpp.o]
  ignore line: [/usr/bin/c++.exe     -o CMakeFiles/cmTC_680e2.dir/CMakeCXXCompilerABI.cpp.o -c /usr/share/cmake-3.3.1/Modules/CMakeCXXCompilerABI.cpp]
  ignore line: [Linking CXX executable cmTC_680e2.exe]
  ignore line: [/usr/bin/cmake.exe -E cmake_link_script CMakeFiles/cmTC_680e2.dir/link.txt --verbose=1]
  ignore line: [/usr/bin/c++.exe     -Wl,--enable-auto-import -v CMakeFiles/cmTC_680e2.dir/CMakeCXXCompilerABI.cpp.o  -o cmTC_680e2.exe -Wl,--out-implib,libcmTC_680e2.dll.a -Wl,--major-image-version,0,--minor-image-version,0   ]
  ignore line: [Using built-in specs.]
  ignore line: [COLLECT_GCC=/usr/bin/c++]
  ignore line: [COLLECT_LTO_WRAPPER=/usr/lib/gcc/x86_64-pc-cygwin/4.9.3/lto-wrapper.exe]
  ignore line: [Target: x86_64-pc-cygwin]
  ignore line: [Configured with: /cygdrive/i/szsz/tmpp/gcc/gcc-4.9.3-1.x86_64/src/gcc-4.9.3/configure --srcdir=/cygdrive/i/szsz/tmpp/gcc/gcc-4.9.3-1.x86_64/src/gcc-4.9.3 --prefix=/usr --exec-prefix=/usr --localstatedir=/var --sysconfdir=/etc --docdir=/usr/share/doc/gcc --htmldir=/usr/share/doc/gcc/html -C --build=x86_64-pc-cygwin --host=x86_64-pc-cygwin --target=x86_64-pc-cygwin --without-libiconv-prefix --without-libintl-prefix --libexecdir=/usr/lib --enable-shared --enable-shared-libgcc --enable-static --enable-version-specific-runtime-libs --enable-bootstrap --enable-__cxa_atexit --with-dwarf2 --with-tune=generic --enable-languages=ada,c,c++,fortran,lto,objc,obj-c++ --enable-graphite --enable-threads=posix --enable-libatomic --enable-libgomp --disable-libitm --enable-libquadmath --enable-libquadmath-support --enable-libssp --enable-libada --enable-libgcj-sublibs --disable-java-awt --disable-symvers --with-ecj-jar=/usr/share/java/ecj.jar --with-gnu-ld --with-gnu-as --with-cloog-include=/usr/include/cloog-isl --without-libiconv-prefix --without-libintl-prefix --with-system-zlib --enable-linker-build-id]
  ignore line: [Thread model: posix]
  ignore line: [gcc version 4.9.3 (GCC) ]
  ignore line: [COMPILER_PATH=/usr/lib/gcc/x86_64-pc-cygwin/4.9.3/:/usr/lib/gcc/x86_64-pc-cygwin/4.9.3/:/usr/lib/gcc/x86_64-pc-cygwin/:/usr/lib/gcc/x86_64-pc-cygwin/4.9.3/:/usr/lib/gcc/x86_64-pc-cygwin/:/usr/lib/gcc/x86_64-pc-cygwin/4.9.3/../../../../x86_64-pc-cygwin/bin/]
  ignore line: [LIBRARY_PATH=/usr/lib/gcc/x86_64-pc-cygwin/4.9.3/:/usr/lib/gcc/x86_64-pc-cygwin/4.9.3/../../../../x86_64-pc-cygwin/lib/../lib/:/usr/lib/gcc/x86_64-pc-cygwin/4.9.3/../../../../lib/:/lib/../lib/:/usr/lib/../lib/:/usr/lib/gcc/x86_64-pc-cygwin/4.9.3/../../../../x86_64-pc-cygwin/lib/:/usr/lib/gcc/x86_64-pc-cygwin/4.9.3/../../../:/lib/:/usr/lib/]
  ignore line: [COLLECT_GCC_OPTIONS='-v' '-o' 'cmTC_680e2.exe' '-shared-libgcc' '-mtune=generic' '-march=x86-64']
  link line: [ /usr/lib/gcc/x86_64-pc-cygwin/4.9.3/collect2.exe -plugin /usr/lib/gcc/x86_64-pc-cygwin/4.9.3/cyglto_plugin.dll -plugin-opt=/usr/lib/gcc/x86_64-pc-cygwin/4.9.3/lto-wrapper.exe -plugin-opt=-fresolution=/tmp/cctS1VBO.res -plugin-opt=-pass-through=-lgcc_s -plugin-opt=-pass-through=-lgcc -plugin-opt=-pass-through=-lcygwin -plugin-opt=-pass-through=-ladvapi32 -plugin-opt=-pass-through=-lshell32 -plugin-opt=-pass-through=-luser32 -plugin-opt=-pass-through=-lkernel32 -plugin-opt=-pass-through=-lgcc_s -plugin-opt=-pass-through=-lgcc --build-id -m i386pep --wrap _Znwm --wrap _Znam --wrap _ZdlPv --wrap _ZdaPv --wrap _ZnwmRKSt9nothrow_t --wrap _ZnamRKSt9nothrow_t --wrap _ZdlPvRKSt9nothrow_t --wrap _ZdaPvRKSt9nothrow_t -Bdynamic --dll-search-prefix=cyg -tsaware -o cmTC_680e2.exe /usr/lib/gcc/x86_64-pc-cygwin/4.9.3/../../../../lib/crt0.o /usr/lib/gcc/x86_64-pc-cygwin/4.9.3/crtbegin.o -L/usr/lib/gcc/x86_64-pc-cygwin/4.9.3 -L/usr/lib/gcc/x86_64-pc-cygwin/4.9.3/../../../../x86_64-pc-cygwin/lib/../lib -L/usr/lib/gcc/x86_64-pc-cygwin/4.9.3/../../../../lib -L/lib/../lib -L/usr/lib/../lib -L/usr/lib/gcc/x86_64-pc-cygwin/4.9.3/../../../../x86_64-pc-cygwin/lib -L/usr/lib/gcc/x86_64-pc-cygwin/4.9.3/../../.. --enable-auto-import CMakeFiles/cmTC_680e2.dir/CMakeCXXCompilerABI.cpp.o --out-implib libcmTC_680e2.dll.a --major-image-version 0 --minor-image-version 0 -lstdc++ -lgcc_s -lgcc -lcygwin -ladvapi32 -lshell32 -luser32 -lkernel32 -lgcc_s -lgcc /usr/lib/gcc/x86_64-pc-cygwin/4.9.3/../../../../lib/default-manifest.o /usr/lib/gcc/x86_64-pc-cygwin/4.9.3/crtend.o]
    arg [/usr/lib/gcc/x86_64-pc-cygwin/4.9.3/collect2.exe] ==> ignore
    arg [-plugin] ==> ignore
    arg [/usr/lib/gcc/x86_64-pc-cygwin/4.9.3/cyglto_plugin.dll] ==> ignore
    arg [-plugin-opt=/usr/lib/gcc/x86_64-pc-cygwin/4.9.3/lto-wrapper.exe] ==> ignore
    arg [-plugin-opt=-fresolution=/tmp/cctS1VBO.res] ==> ignore
    arg [-plugin-opt=-pass-through=-lgcc_s] ==> ignore
    arg [-plugin-opt=-pass-through=-lgcc] ==> ignore
    arg [-plugin-opt=-pass-through=-lcygwin] ==> ignore
    arg [-plugin-opt=-pass-through=-ladvapi32] ==> ignore
    arg [-plugin-opt=-pass-through=-lshell32] ==> ignore
    arg [-plugin-opt=-pass-through=-luser32] ==> ignore
    arg [-plugin-opt=-pass-through=-lkernel32] ==> ignore
    arg [-plugin-opt=-pass-through=-lgcc_s] ==> ignore
    arg [-plugin-opt=-pass-through=-lgcc] ==> ignore
    arg [--build-id] ==> ignore
    arg [-m] ==> ignore
    arg [i386pep] ==> ignore
    arg [--wrap] ==> ignore
    arg [_Znwm] ==> ignore
    arg [--wrap] ==> ignore
    arg [_Znam] ==> ignore
    arg [--wrap] ==> ignore
    arg [_ZdlPv] ==> ignore
    arg [--wrap] ==> ignore
    arg [_ZdaPv] ==> ignore
    arg [--wrap] ==> ignore
    arg [_ZnwmRKSt9nothrow_t] ==> ignore
    arg [--wrap] ==> ignore
    arg [_ZnamRKSt9nothrow_t] ==> ignore
    arg [--wrap] ==> ignore
    arg [_ZdlPvRKSt9nothrow_t] ==> ignore
    arg [--wrap] ==> ignore
    arg [_ZdaPvRKSt9nothrow_t] ==> ignore
    arg [-Bdynamic] ==> ignore
    arg [--dll-search-prefix=cyg] ==> ignore
    arg [-tsaware] ==> ignore
    arg [-o] ==> ignore
    arg [cmTC_680e2.exe] ==> ignore
    arg [/usr/lib/gcc/x86_64-pc-cygwin/4.9.3/../../../../lib/crt0.o] ==> ignore
    arg [/usr/lib/gcc/x86_64-pc-cygwin/4.9.3/crtbegin.o] ==> ignore
    arg [-L/usr/lib/gcc/x86_64-pc-cygwin/4.9.3] ==> dir [/usr/lib/gcc/x86_64-pc-cygwin/4.9.3]
    arg [-L/usr/lib/gcc/x86_64-pc-cygwin/4.9.3/../../../../x86_64-pc-cygwin/lib/../lib] ==> dir [/usr/lib/gcc/x86_64-pc-cygwin/4.9.3/../../../../x86_64-pc-cygwin/lib/../lib]
    arg [-L/usr/lib/gcc/x86_64-pc-cygwin/4.9.3/../../../../lib] ==> dir [/usr/lib/gcc/x86_64-pc-cygwin/4.9.3/../../../../lib]
    arg [-L/lib/../lib] ==> dir [/lib/../lib]
    arg [-L/usr/lib/../lib] ==> dir [/usr/lib/../lib]
    arg [-L/usr/lib/gcc/x86_64-pc-cygwin/4.9.3/../../../../x86_64-pc-cygwin/lib] ==> dir [/usr/lib/gcc/x86_64-pc-cygwin/4.9.3/../../../../x86_64-pc-cygwin/lib]
    arg [-L/usr/lib/gcc/x86_64-pc-cygwin/4.9.3/../../..] ==> dir [/usr/lib/gcc/x86_64-pc-cygwin/4.9.3/../../..]
    arg [--enable-auto-import] ==> ignore
    arg [CMakeFiles/cmTC_680e2.dir/CMakeCXXCompilerABI.cpp.o] ==> ignore
    arg [--out-implib] ==> ignore
    arg [libcmTC_680e2.dll.a] ==> ignore
    arg [--major-image-version] ==> ignore
    arg [0] ==> ignore
    arg [--minor-image-version] ==> ignore
    arg [0] ==> ignore
    arg [-lstdc++] ==> lib [stdc++]
    arg [-lgcc_s] ==> lib [gcc_s]
    arg [-lgcc] ==> lib [gcc]
    arg [-lcygwin] ==> lib [cygwin]
    arg [-ladvapi32] ==> lib [advapi32]
    arg [-lshell32] ==> lib [shell32]
    arg [-luser32] ==> lib [user32]
    arg [-lkernel32] ==> lib [kernel32]
    arg [-lgcc_s] ==> lib [gcc_s]
    arg [-lgcc] ==> lib [gcc]
    arg [/usr/lib/gcc/x86_64-pc-cygwin/4.9.3/../../../../lib/default-manifest.o] ==> ignore
    arg [/usr/lib/gcc/x86_64-pc-cygwin/4.9.3/crtend.o] ==> ignore
  remove lib [gcc_s]
  remove lib [gcc]
  remove lib [gcc_s]
  remove lib [gcc]
  collapse library dir [/usr/lib/gcc/x86_64-pc-cygwin/4.9.3] ==> [/usr/lib/gcc/x86_64-pc-cygwin/4.9.3]
  collapse library dir [/usr/lib/gcc/x86_64-pc-cygwin/4.9.3/../../../../x86_64-pc-cygwin/lib/../lib] ==> [/usr/x86_64-pc-cygwin/lib]
  collapse library dir [/usr/lib/gcc/x86_64-pc-cygwin/4.9.3/../../../../lib] ==> [/usr/lib]
  collapse library dir [/lib/../lib] ==> [/lib]
  collapse library dir [/usr/lib/../lib] ==> [/usr/lib]
  collapse library dir [/usr/lib/gcc/x86_64-pc-cygwin/4.9.3/../../../../x86_64-pc-cygwin/lib] ==> [/usr/x86_64-pc-cygwin/lib]
  collapse library dir [/usr/lib/gcc/x86_64-pc-cygwin/4.9.3/../../..] ==> [/usr/lib]
  implicit libs: [stdc++;cygwin;advapi32;shell32;user32;kernel32]
  implicit dirs: [/usr/lib/gcc/x86_64-pc-cygwin/4.9.3;/usr/x86_64-pc-cygwin/lib;/usr/lib;/lib]
  implicit fwks: []




Detecting CXX [-std=c++14] compiler features compiled with the following output:
Change Dir: /cygdrive/c/Users/ngaic2/CSCI-2961/CMake/Step4/Build/CMakeFiles/CMakeTmp

Run Build Command:"/usr/bin/make.exe" "cmTC_38893/fast"
/usr/bin/make -f CMakeFiles/cmTC_38893.dir/build.make CMakeFiles/cmTC_38893.dir/build
make[1]: Entering directory '/cygdrive/c/Users/ngaic2/CSCI-2961/CMake/Step4/Build/CMakeFiles/CMakeTmp'
Building CXX object CMakeFiles/cmTC_38893.dir/feature_tests.cxx.o
/usr/bin/c++.exe    -std=c++14 -o CMakeFiles/cmTC_38893.dir/feature_tests.cxx.o -c /cygdrive/c/Users/ngaic2/CSCI-2961/CMake/Step4/Build/CMakeFiles/feature_tests.cxx
Linking CXX executable cmTC_38893.exe
/usr/bin/cmake.exe -E cmake_link_script CMakeFiles/cmTC_38893.dir/link.txt --verbose=1
/usr/bin/c++.exe     -Wl,--enable-auto-import  CMakeFiles/cmTC_38893.dir/feature_tests.cxx.o  -o cmTC_38893.exe -Wl,--out-implib,libcmTC_38893.dll.a -Wl,--major-image-version,0,--minor-image-version,0  
make[1]: Leaving directory '/cygdrive/c/Users/ngaic2/CSCI-2961/CMake/Step4/Build/CMakeFiles/CMakeTmp'


    Feature record: CXX_FEATURE:0cxx_aggregate_default_initializers
    Feature record: CXX_FEATURE:1cxx_alias_templates
    Feature record: CXX_FEATURE:1cxx_alignas
    Feature record: CXX_FEATURE:1cxx_alignof
    Feature record: CXX_FEATURE:1cxx_attributes
    Feature record: CXX_FEATURE:1cxx_attribute_deprecated
    Feature record: CXX_FEATURE:1cxx_auto_type
    Feature record: CXX_FEATURE:1cxx_binary_literals
    Feature record: CXX_FEATURE:1cxx_constexpr
    Feature record: CXX_FEATURE:1cxx_contextual_conversions
    Feature record: CXX_FEATURE:1cxx_decltype
    Feature record: CXX_FEATURE:1cxx_decltype_auto
    Feature record: CXX_FEATURE:1cxx_decltype_incomplete_return_types
    Feature record: CXX_FEATURE:1cxx_default_function_template_args
    Feature record: CXX_FEATURE:1cxx_defaulted_functions
    Feature record: CXX_FEATURE:1cxx_defaulted_move_initializers
    Feature record: CXX_FEATURE:1cxx_delegating_constructors
    Feature record: CXX_FEATURE:1cxx_deleted_functions
    Feature record: CXX_FEATURE:1cxx_digit_separators
    Feature record: CXX_FEATURE:1cxx_enum_forward_declarations
    Feature record: CXX_FEATURE:1cxx_explicit_conversions
    Feature record: CXX_FEATURE:1cxx_extended_friend_declarations
    Feature record: CXX_FEATURE:1cxx_extern_templates
    Feature record: CXX_FEATURE:1cxx_final
    Feature record: CXX_FEATURE:1cxx_func_identifier
    Feature record: CXX_FEATURE:1cxx_generalized_initializers
    Feature record: CXX_FEATURE:1cxx_generic_lambdas
    Feature record: CXX_FEATURE:1cxx_inheriting_constructors
    Feature record: CXX_FEATURE:1cxx_inline_namespaces
    Feature record: CXX_FEATURE:1cxx_lambdas
    Feature record: CXX_FEATURE:1cxx_lambda_init_captures
    Feature record: CXX_FEATURE:1cxx_local_type_template_args
    Feature record: CXX_FEATURE:1cxx_long_long_type
    Feature record: CXX_FEATURE:1cxx_noexcept
    Feature record: CXX_FEATURE:1cxx_nonstatic_member_init
    Feature record: CXX_FEATURE:1cxx_nullptr
    Feature record: CXX_FEATURE:1cxx_override
    Feature record: CXX_FEATURE:1cxx_range_for
    Feature record: CXX_FEATURE:1cxx_raw_string_literals
    Feature record: CXX_FEATURE:1cxx_reference_qualified_functions
    Feature record: CXX_FEATURE:0cxx_relaxed_constexpr
    Feature record: CXX_FEATURE:1cxx_return_type_deduction
    Feature record: CXX_FEATURE:1cxx_right_angle_brackets
    Feature record: CXX_FEATURE:1cxx_rvalue_references
    Feature record: CXX_FEATURE:1cxx_sizeof_member
    Feature record: CXX_FEATURE:1cxx_static_assert
    Feature record: CXX_FEATURE:1cxx_strong_enums
    Feature record: CXX_FEATURE:1cxx_template_template_parameters
    Feature record: CXX_FEATURE:1cxx_thread_local
    Feature record: CXX_FEATURE:1cxx_trailing_return_types
    Feature record: CXX_FEATURE:1cxx_unicode_literals
    Feature record: CXX_FEATURE:1cxx_uniform_initialization
    Feature record: CXX_FEATURE:1cxx_unrestricted_unions
    Feature record: CXX_FEATURE:1cxx_user_literals
    Feature record: CXX_FEATURE:0cxx_variable_templates
    Feature record: CXX_FEATURE:1cxx_variadic_macros
    Feature record: CXX_FEATURE:1cxx_variadic_templates


Detecting CXX [-std=c++11] compiler features compiled with the following output:
Change Dir: /cygdrive/c/Users/ngaic2/CSCI-2961/CMake/Step4/Build/CMakeFiles/CMakeTmp

Run Build Command:"/usr/bin/make.exe" "cmTC_294dd/fast"
/usr/bin/make -f CMakeFiles/cmTC_294dd.dir/build.make CMakeFiles/cmTC_294dd.dir/build
make[1]: Entering directory '/cygdrive/c/Users/ngaic2/CSCI-2961/CMake/Step4/Build/CMakeFiles/CMakeTmp'
Building CXX object CMakeFiles/cmTC_294dd.dir/feature_tests.cxx.o
/usr/bin/c++.exe    -std=c++11 -o CMakeFiles/cmTC_294dd.dir/feature_tests.cxx.o -c /cygdrive/c/Users/ngaic2/CSCI-2961/CMake/Step4/Build/CMakeFiles/feature_tests.cxx
Linking CXX executable cmTC_294dd.exe
/usr/bin/cmake.exe -E cmake_link_script CMakeFiles/cmTC_294dd.dir/link.txt --verbose=1
/usr/bin/c++.exe     -Wl,--enable-auto-import  CMakeFiles/cmTC_294dd.dir/feature_tests.cxx.o  -o cmTC_294dd.exe -Wl,--out-implib,libcmTC_294dd.dll.a -Wl,--major-image-version,0,--minor-image-version,0  
make[1]: Leaving directory '/cygdrive/c/Users/ngaic2/CSCI-2961/CMake/Step4/Build/CMakeFiles/CMakeTmp'


    Feature record: CXX_FEATURE:0cxx_aggregate_default_initializers
    Feature record: CXX_FEATURE:1cxx_alias_templates
    Feature record: CXX_FEATURE:1cxx_alignas
    Feature record: CXX_FEATURE:1cxx_alignof
    Feature record: CXX_FEATURE:1cxx_attributes
    Feature record: CXX_FEATURE:0cxx_attribute_deprecated
    Feature record: CXX_FEATURE:1cxx_auto_type
    Feature record: CXX_FEATURE:0cxx_binary_literals
    Feature record: CXX_FEATURE:1cxx_constexpr
    Feature record: CXX_FEATURE:0cxx_contextual_conversions
    Feature record: CXX_FEATURE:1cxx_decltype
    Feature record: CXX_FEATURE:0cxx_decltype_auto
    Feature record: CXX_FEATURE:1cxx_decltype_incomplete_return_types
    Feature record: CXX_FEATURE:1cxx_default_function_template_args
    Feature record: CXX_FEATURE:1cxx_defaulted_functions
    Feature record: CXX_FEATURE:1cxx_defaulted_move_initializers
    Feature record: CXX_FEATURE:1cxx_delegating_constructors
    Feature record: CXX_FEATURE:1cxx_deleted_functions
    Feature record: CXX_FEATURE:0cxx_digit_separators
    Feature record: CXX_FEATURE:1cxx_enum_forward_declarations
    Feature record: CXX_FEATURE:1cxx_explicit_conversions
    Feature record: CXX_FEATURE:1cxx_extended_friend_declarations
    Feature record: CXX_FEATURE:1cxx_extern_templates
    Feature record: CXX_FEATURE:1cxx_final
    Feature record: CXX_FEATURE:1cxx_func_identifier
    Feature record: CXX_FEATURE:1cxx_generalized_initializers
    Feature record: CXX_FEATURE:0cxx_generic_lambdas
    Feature record: CXX_FEATURE:1cxx_inheriting_constructors
    Feature record: CXX_FEATURE:1cxx_inline_namespaces
    Feature record: CXX_FEATURE:1cxx_lambdas
    Feature record: CXX_FEATURE:0cxx_lambda_init_captures
    Feature record: CXX_FEATURE:1cxx_local_type_template_args
    Feature record: CXX_FEATURE:1cxx_long_long_type
    Feature record: CXX_FEATURE:1cxx_noexcept
    Feature record: CXX_FEATURE:1cxx_nonstatic_member_init
    Feature record: CXX_FEATURE:1cxx_nullptr
    Feature record: CXX_FEATURE:1cxx_override
    Feature record: CXX_FEATURE:1cxx_range_for
    Feature record: CXX_FEATURE:1cxx_raw_string_literals
    Feature record: CXX_FEATURE:1cxx_reference_qualified_functions
    Feature record: CXX_FEATURE:0cxx_relaxed_constexpr
    Feature record: CXX_FEATURE:0cxx_return_type_deduction
    Feature record: CXX_FEATURE:1cxx_right_angle_brackets
    Feature record: CXX_FEATURE:1cxx_rvalue_references
    Feature record: CXX_FEATURE:1cxx_sizeof_member
    Feature record: CXX_FEATURE:1cxx_static_assert
    Feature record: CXX_FEATURE:1cxx_strong_enums
    Feature record: CXX_FEATURE:1cxx_template_template_parameters
    Feature record: CXX_FEATURE:1cxx_thread_local
    Feature record: CXX_FEATURE:1cxx_trailing_return_types
    Feature record: CXX_FEATURE:1cxx_unicode_literals
    Feature record: CXX_FEATURE:1cxx_uniform_initialization
    Feature record: CXX_FEATURE:1cxx_unrestricted_unions
    Feature record: CXX_FEATURE:1cxx_user_literals
    Feature record: CXX_FEATURE:0cxx_variable_templates
    Feature record: CXX_FEATURE:1cxx_variadic_macros
    Feature record: CXX_FEATURE:1cxx_variadic_templates


Detecting CXX [-std=c++98] compiler features compiled with the following output:
Change Dir: /cygdrive/c/Users/ngaic2/CSCI-2961/CMake/Step4/Build/CMakeFiles/CMakeTmp

Run Build Command:"/usr/bin/make.exe" "cmTC_f677a/fast"
/usr/bin/make -f CMakeFiles/cmTC_f677a.dir/build.make CMakeFiles/cmTC_f677a.dir/build
make[1]: Entering directory '/cygdrive/c/Users/ngaic2/CSCI-2961/CMake/Step4/Build/CMakeFiles/CMakeTmp'
Building CXX object CMakeFiles/cmTC_f677a.dir/feature_tests.cxx.o
/usr/bin/c++.exe    -std=c++98 -o CMakeFiles/cmTC_f677a.dir/feature_tests.cxx.o -c /cygdrive/c/Users/ngaic2/CSCI-2961/CMake/Step4/Build/CMakeFiles/feature_tests.cxx
Linking CXX executable cmTC_f677a.exe
/usr/bin/cmake.exe -E cmake_link_script CMakeFiles/cmTC_f677a.dir/link.txt --verbose=1
/usr/bin/c++.exe     -Wl,--enable-auto-import  CMakeFiles/cmTC_f677a.dir/feature_tests.cxx.o  -o cmTC_f677a.exe -Wl,--out-implib,libcmTC_f677a.dll.a -Wl,--major-image-version,0,--minor-image-version,0  
make[1]: Leaving directory '/cygdrive/c/Users/ngaic2/CSCI-2961/CMake/Step4/Build/CMakeFiles/CMakeTmp'


    Feature record: CXX_FEATURE:0cxx_aggregate_default_initializers
    Feature record: CXX_FEATURE:0cxx_alias_templates
    Feature record: CXX_FEATURE:0cxx_alignas
    Feature record: CXX_FEATURE:0cxx_alignof
    Feature record: CXX_FEATURE:0cxx_attributes
    Feature record: CXX_FEATURE:0cxx_attribute_deprecated
    Feature record: CXX_FEATURE:0cxx_auto_type
    Feature record: CXX_FEATURE:0cxx_binary_literals
    Feature record: CXX_FEATURE:0cxx_constexpr
    Feature record: CXX_FEATURE:0cxx_contextual_conversions
    Feature record: CXX_FEATURE:0cxx_decltype
    Feature record: CXX_FEATURE:0cxx_decltype_auto
    Feature record: CXX_FEATURE:0cxx_decltype_incomplete_return_types
    Feature record: CXX_FEATURE:0cxx_default_function_template_args
    Feature record: CXX_FEATURE:0cxx_defaulted_functions
    Feature record: CXX_FEATURE:0cxx_defaulted_move_initializers
    Feature record: CXX_FEATURE:0cxx_delegating_constructors
    Feature record: CXX_FEATURE:0cxx_deleted_functions
    Feature record: CXX_FEATURE:0cxx_digit_separators
    Feature record: CXX_FEATURE:0cxx_enum_forward_declarations
    Feature record: CXX_FEATURE:0cxx_explicit_conversions
    Feature record: CXX_FEATURE:0cxx_extended_friend_declarations
    Feature record: CXX_FEATURE:0cxx_extern_templates
    Feature record: CXX_FEATURE:0cxx_final
    Feature record: CXX_FEATURE:0cxx_func_identifier
    Feature record: CXX_FEATURE:0cxx_generalized_initializers
    Feature record: CXX_FEATURE:0cxx_generic_lambdas
    Feature record: CXX_FEATURE:0cxx_inheriting_constructors
    Feature record: CXX_FEATURE:0cxx_inline_namespaces
    Feature record: CXX_FEATURE:0cxx_lambdas
    Feature record: CXX_FEATURE:0cxx_lambda_init_captures
    Feature record: CXX_FEATURE:0cxx_local_type_template_args
    Feature record: CXX_FEATURE:0cxx_long_long_type
    Feature record: CXX_FEATURE:0cxx_noexcept
    Feature record: CXX_FEATURE:0cxx_nonstatic_member_init
    Feature record: CXX_FEATURE:0cxx_nullptr
    Feature record: CXX_FEATURE:0cxx_override
    Feature record: CXX_FEATURE:0cxx_range_for
    Feature record: CXX_FEATURE:0cxx_raw_string_literals
    Feature record: CXX_FEATURE:0cxx_reference_qualified_functions
    Feature record: CXX_FEATURE:0cxx_relaxed_constexpr
    Feature record: CXX_FEATURE:0cxx_return_type_deduction
    Feature record: CXX_FEATURE:0cxx_right_angle_brackets
    Feature record: CXX_FEATURE:0cxx_rvalue_references
    Feature record: CXX_FEATURE:0cxx_sizeof_member
    Feature record: CXX_FEATURE:0cxx_static_assert
    Feature record: CXX_FEATURE:0cxx_strong_enums
    Feature record: CXX_FEATURE:1cxx_template_template_parameters
    Feature record: CXX_FEATURE:0cxx_thread_local
    Feature record: CXX_FEATURE:0cxx_trailing_return_types
    Feature record: CXX_FEATURE:0cxx_unicode_literals
    Feature record: CXX_FEATURE:0cxx_uniform_initialization
    Feature record: CXX_FEATURE:0cxx_unrestricted_unions
    Feature record: CXX_FEATURE:0cxx_user_literals
    Feature record: CXX_FEATURE:0cxx_variable_templates
    Feature record: CXX_FEATURE:0cxx_variadic_macros
    Feature record: CXX_FEATURE:0cxx_variadic_templates
Determining if the function log exists passed with the following output:
Change Dir: /cygdrive/c/Users/ngaic2/CSCI-2961/CMake/Step4/Build/CMakeFiles/CMakeTmp

Run Build Command:"/usr/bin/make.exe" "cmTC_a314f/fast"
/usr/bin/make -f CMakeFiles/cmTC_a314f.dir/build.make CMakeFiles/cmTC_a314f.dir/build
make[1]: Entering directory '/cygdrive/c/Users/ngaic2/CSCI-2961/CMake/Step4/Build/CMakeFiles/CMakeTmp'
Building C object CMakeFiles/cmTC_a314f.dir/CheckFunctionExists.c.o
/usr/bin/cc   -DCHECK_FUNCTION_EXISTS=log   -o CMakeFiles/cmTC_a314f.dir/CheckFunctionExists.c.o   -c /usr/share/cmake-3.3.1/Modules/CheckFunctionExists.c
<command-line>:0:23: warning: conflicting types for built-in function ‘log’
/usr/share/cmake-3.3.1/Modules/CheckFunctionExists.c:3:6: note: in expansion of macro ‘CHECK_FUNCTION_EXISTS’
 char CHECK_FUNCTION_EXISTS();
      ^
Linking C executable cmTC_a314f.exe
/usr/bin/cmake.exe -E cmake_link_script CMakeFiles/cmTC_a314f.dir/link.txt --verbose=1
/usr/bin/cc   -DCHECK_FUNCTION_EXISTS=log  -Wl,--enable-auto-import  CMakeFiles/cmTC_a314f.dir/CheckFunctionExists.c.o  -o cmTC_a314f.exe -Wl,--out-implib,libcmTC_a314f.dll.a -Wl,--major-image-version,0,--minor-image-version,0  
make[1]: Leaving directory '/cygdrive/c/Users/ngaic2/CSCI-2961/CMake/Step4/Build/CMakeFiles/CMakeTmp'


Determining if the function exp exists passed with the following output:
Change Dir: /cygdrive/c/Users/ngaic2/CSCI-2961/CMake/Step4/Build/CMakeFiles/CMakeTmp

Run Build Command:"/usr/bin/make.exe" "cmTC_ca006/fast"
/usr/bin/make -f CMakeFiles/cmTC_ca006.dir/build.make CMakeFiles/cmTC_ca006.dir/build
make[1]: Entering directory '/cygdrive/c/Users/ngaic2/CSCI-2961/CMake/Step4/Build/CMakeFiles/CMakeTmp'
Building C object CMakeFiles/cmTC_ca006.dir/CheckFunctionExists.c.o
/usr/bin/cc   -DCHECK_FUNCTION_EXISTS=exp   -o CMakeFiles/cmTC_ca006.dir/CheckFunctionExists.c.o   -c /usr/share/cmake-3.3.1/Modules/CheckFunctionExists.c
<command-line>:0:23: warning: conflicting types for built-in function ‘exp’
/usr/share/cmake-3.3.1/Modules/CheckFunctionExists.c:3:6: note: in expansion of macro ‘CHECK_FUNCTION_EXISTS’
 char CHECK_FUNCTION_EXISTS();
      ^
Linking C executable cmTC_ca006.exe
/usr/bin/cmake.exe -E cmake_link_script CMakeFiles/cmTC_ca006.dir/link.txt --verbose=1
/usr/bin/cc   -DCHECK_FUNCTION_EXISTS=exp  -Wl,--enable-auto-import  CMakeFiles/cmTC_ca006.dir/CheckFunctionExists.c.o  -o cmTC_ca006.exe -Wl,--out-implib,libcmTC_ca006.dll.a -Wl,--major-image-version,0,--minor-image-version,0  
make[1]: Leaving directory '/cygdrive/c/Users/ngaic2/CSCI-2961/CMake/Step4/Build/CMakeFiles/CMakeTmp'


